<?xml version="1.0" encoding="UTF-8"?>
<testsuite xmlns:xsi="http://www.w3.org/2001/XMLSchema-instance" xsi:noNamespaceSchemaLocation="https://maven.apache.org/surefire/maven-surefire-plugin/xsd/surefire-test-report-3.0.xsd" version="3.0" name="TestRunner.Runner" time="9.215" tests="4" errors="0" skipped="0" failures="0">
  <properties>
[...]
</properties>
  <testcase name="Voting App Tittle page" classname="Voting App Features" time="3.18">
    <system-out><![CDATA[
@tag @Title
Scenario: Voting App Tittle page                    # src/test/java/features/VotingApp.feature:5
  Given User is in Voting App Page                  # StepDefination.VotingAppSteps.user_is_in_voting_app_page()
  When User get the Title of Page                   # StepDefination.VotingAppSteps.user_get_the_title_of_page()
  Then The Page tittle should be "Azure Voting App" # StepDefination.VotingAppSteps.the_page_tittle_should_be(java.lang.String)
]]></system-out>
    <system-err><![CDATA[SLF4J: No SLF4J providers were found.
SLF4J: Defaulting to no-operation (NOP) logger implementation
SLF4J: See https://www.slf4j.org/codes.html#noProviders for further details.
Starting ChromeDriver 109.0.5414.74 (e7c5703604daa9cc128ccf5a5d3e993513758913-refs/branch-heads/5414@{#1172}) on port 45940
Only local connections are allowed.
Please see https://chromedriver.chromium.org/security-considerations for suggestions on keeping ChromeDriver safe.
ChromeDriver was started successfully.
]]></system-err>
  </testcase>
  <testcase name="Voting App vote in Cats" classname="Voting App Features" time="1.741">
    <system-out><![CDATA[
@tag @Vote_cat
Scenario: Voting App vote in Cats      # src/test/java/features/VotingApp.feature:11
  Given User is in Voting App Page     # StepDefination.VotingAppSteps.user_is_in_voting_app_page()
  When Cats button should be displayed # StepDefination.VotingAppSteps.cats_button_should_be_displayed()
  Then User click on Cats button       # StepDefination.VotingAppSteps.user_click_on_cats_button()
]]></system-out>
    <system-err><![CDATA[Starting ChromeDriver 109.0.5414.74 (e7c5703604daa9cc128ccf5a5d3e993513758913-refs/branch-heads/5414@{#1172}) on port 38805
Only local connections are allowed.
Please see https://chromedriver.chromium.org/security-considerations for suggestions on keeping ChromeDriver safe.
ChromeDriver was started successfully.
]]></system-err>
  </testcase>
  <testcase name="Voting App vote in Dogs #1" classname="Voting App Features" time="1.679">
    <system-out><![CDATA[
@tag @Vote_dog
Scenario: Voting App vote in Dogs      # src/test/java/features/VotingApp.feature:17
  Given User is in Voting App Page     # StepDefination.VotingAppSteps.user_is_in_voting_app_page()
  When Dogs button should be displayed # StepDefination.VotingAppSteps.dogs_button_should_be_displayed()
  Then User click on Dogs button       # StepDefination.VotingAppSteps.user_click_on_dogs_button()
]]></system-out>
    <system-err><![CDATA[Starting ChromeDriver 109.0.5414.74 (e7c5703604daa9cc128ccf5a5d3e993513758913-refs/branch-heads/5414@{#1172}) on port 28637
Only local connections are allowed.
Please see https://chromedriver.chromium.org/security-considerations for suggestions on keeping ChromeDriver safe.
ChromeDriver was started successfully.
]]></system-err>
  </testcase>
  <testcase name="Voting App vote in Dogs #2" classname="Voting App Features" time="1.91">
    <system-out><![CDATA[
@tag @click_reset
Scenario: Voting App vote in Dogs       # src/test/java/features/VotingApp.feature:23
  Given User is in Voting App Page      # StepDefination.VotingAppSteps.user_is_in_voting_app_page()
  When Reset button should be displayed # StepDefination.VotingAppSteps.reset_button_should_be_displayed()
  Then User click on Reset button       # StepDefination.VotingAppSteps.user_click_on_reset_button()
]]></system-out>
    <system-err><![CDATA[Starting ChromeDriver 109.0.5414.74 (e7c5703604daa9cc128ccf5a5d3e993513758913-refs/branch-heads/5414@{#1172}) on port 2331
Only local connections are allowed.
Please see https://chromedriver.chromium.org/security-considerations for suggestions on keeping ChromeDriver safe.
ChromeDriver was started successfully.
]]></system-err>
  </testcase>
</testsuite>